This file contains any messages produced by compilers while
running configure, to aid debugging if configure makes a mistake.

It was created by configure, which was
generated by GNU Autoconf 2.69.  Invocation command line was

  $ ./configure 

## --------- ##
## Platform. ##
## --------- ##

hostname = clover-lang.org
uname -m = x86_64
uname -r = 4.19.0-8-amd64
uname -s = Linux
uname -v = #1 SMP Debian 4.19.98-1+deb10u1 (2020-04-27)

/usr/bin/uname -p = unknown
/bin/uname -X     = unknown

/bin/arch              = unknown
/usr/bin/arch -k       = unknown
/usr/convex/getsysinfo = unknown
/usr/bin/hostinfo      = unknown
/bin/machine           = unknown
/usr/bin/oslevel       = unknown
/bin/universe          = unknown

PATH: /home/ab25cq/bin
PATH: /home/ab25cq/.gem/bin
PATH: /home/ab25cq/.rvm/bin/
PATH: /home/ab25cq/bin
PATH: /usr/local/bin
PATH: /usr/bin
PATH: /bin
PATH: /usr/local/games
PATH: /usr/games


## ----------- ##
## Core tests. ##
## ----------- ##

configure:1835: checking for a BSD-compatible install
configure:1903: result: /usr/bin/install -c
configure:1939: checking Operating System
configure:2042: checking for gcc
configure:2058: found /usr/bin/gcc
configure:2069: result: gcc
configure:2298: checking for C compiler version
configure:2307: gcc --version >&5
gcc (Debian 8.3.0-6) 8.3.0
Copyright (C) 2018 Free Software Foundation, Inc.
This is free software; see the source for copying conditions.  There is NO
warranty; not even for MERCHANTABILITY or FITNESS FOR A PARTICULAR PURPOSE.

configure:2318: $? = 0
configure:2307: gcc -v >&5
Using built-in specs.
COLLECT_GCC=gcc
COLLECT_LTO_WRAPPER=/usr/lib/gcc/x86_64-linux-gnu/8/lto-wrapper
OFFLOAD_TARGET_NAMES=nvptx-none
OFFLOAD_TARGET_DEFAULT=1
Target: x86_64-linux-gnu
Configured with: ../src/configure -v --with-pkgversion='Debian 8.3.0-6' --with-bugurl=file:///usr/share/doc/gcc-8/README.Bugs --enable-languages=c,ada,c++,go,brig,d,fortran,objc,obj-c++ --prefix=/usr --with-gcc-major-version-only --program-suffix=-8 --program-prefix=x86_64-linux-gnu- --enable-shared --enable-linker-build-id --libexecdir=/usr/lib --without-included-gettext --enable-threads=posix --libdir=/usr/lib --enable-nls --enable-bootstrap --enable-clocale=gnu --enable-libstdcxx-debug --enable-libstdcxx-time=yes --with-default-libstdcxx-abi=new --enable-gnu-unique-object --disable-vtable-verify --enable-libmpx --enable-plugin --enable-default-pie --with-system-zlib --with-target-system-zlib --enable-objc-gc=auto --enable-multiarch --disable-werror --with-arch-32=i686 --with-abi=m64 --with-multilib-list=m32,m64,mx32 --enable-multilib --with-tune=generic --enable-offload-targets=nvptx-none --without-cuda-driver --enable-checking=release --build=x86_64-linux-gnu --host=x86_64-linux-gnu --target=x86_64-linux-gnu
Thread model: posix
gcc version 8.3.0 (Debian 8.3.0-6) 
configure:2318: $? = 0
configure:2307: gcc -V >&5
gcc: error: unrecognized command line option '-V'
gcc: fatal error: no input files
compilation terminated.
configure:2318: $? = 1
configure:2307: gcc -qversion >&5
gcc: error: unrecognized command line option '-qversion'; did you mean '--version'?
gcc: fatal error: no input files
compilation terminated.
configure:2318: $? = 1
configure:2338: checking whether the C compiler works
configure:2360: gcc -Isrc/ -I. -L . -fPIC -rdynamic -DPREFIX="\"${DESTDIR}/\""   conftest.c  >&5
configure:2364: $? = 0
configure:2412: result: yes
configure:2415: checking for C compiler default output file name
configure:2417: result: a.out
configure:2423: checking for suffix of executables
configure:2430: gcc -o conftest -Isrc/ -I. -L . -fPIC -rdynamic -DPREFIX="\"${DESTDIR}/\""   conftest.c  >&5
configure:2434: $? = 0
configure:2456: result: 
configure:2478: checking whether we are cross compiling
configure:2486: gcc -o conftest -Isrc/ -I. -L . -fPIC -rdynamic -DPREFIX="\"${DESTDIR}/\""   conftest.c  >&5
configure:2490: $? = 0
configure:2497: ./conftest
configure:2501: $? = 0
configure:2516: result: no
configure:2521: checking for suffix of object files
configure:2543: gcc -c -Isrc/ -I. -L . -fPIC -rdynamic -DPREFIX="\"${DESTDIR}/\""  conftest.c >&5
configure:2547: $? = 0
configure:2568: result: o
configure:2572: checking whether we are using the GNU C compiler
configure:2591: gcc -c -Isrc/ -I. -L . -fPIC -rdynamic -DPREFIX="\"${DESTDIR}/\""  conftest.c >&5
configure:2591: $? = 0
configure:2600: result: yes
configure:2609: checking whether gcc accepts -g
configure:2629: gcc -c -g  conftest.c >&5
configure:2629: $? = 0
configure:2670: result: yes
configure:2687: checking for gcc option to accept ISO C89
configure:2750: gcc  -c -Isrc/ -I. -L . -fPIC -rdynamic -DPREFIX="\"${DESTDIR}/\""  conftest.c >&5
configure:2750: $? = 0
configure:2763: result: none needed
configure:2784: checking for main in -lutil
configure:2803: gcc -o conftest -Isrc/ -I. -L . -fPIC -rdynamic -DPREFIX="\"${DESTDIR}/\""   conftest.c -lutil   >&5
configure:2803: $? = 0
configure:2812: result: yes
configure:2721: creating ./config.status

## ---------------------- ##
## Running config.status. ##
## ---------------------- ##

This file was extended by config.status, which was
generated by GNU Autoconf 2.69.  Invocation command line was

  CONFIG_FILES    = 
  CONFIG_HEADERS  = 
  CONFIG_LINKS    = 
  CONFIG_COMMANDS = 
  $ ./config.status 

on clover-lang.org

config.status:722: creating Makefile

## ---------------- ##
## Cache variables. ##
## ---------------- ##

ac_cv_c_compiler_gnu=yes
ac_cv_env_CC_set=
ac_cv_env_CC_value=
ac_cv_env_CFLAGS_set=
ac_cv_env_CFLAGS_value=
ac_cv_env_CPPFLAGS_set=
ac_cv_env_CPPFLAGS_value=
ac_cv_env_LDFLAGS_set=
ac_cv_env_LDFLAGS_value=
ac_cv_env_LIBS_set=
ac_cv_env_LIBS_value=
ac_cv_env_build_alias_set=
ac_cv_env_build_alias_value=
ac_cv_env_host_alias_set=
ac_cv_env_host_alias_value=
ac_cv_env_target_alias_set=
ac_cv_env_target_alias_value=
ac_cv_lib_util=ac_cv_lib_util_main
ac_cv_lib_util_main=yes
ac_cv_objext=o
ac_cv_path_install='/usr/bin/install -c'
ac_cv_prog_ac_ct_CC=gcc
ac_cv_prog_cc_c89=
ac_cv_prog_cc_g=yes

## ----------------- ##
## Output variables. ##
## ----------------- ##

CC='gcc'
CFLAGS='-Isrc/ -I. -L . -fPIC -rdynamic -DPREFIX="\"${DESTDIR}/\"" -I /usr/local/include -L /usr/local/lib'
CPPFLAGS=''
DEFS='-DPACKAGE_NAME=\"\" -DPACKAGE_TARNAME=\"\" -DPACKAGE_VERSION=\"\" -DPACKAGE_STRING=\"\" -DPACKAGE_BUGREPORT=\"\" -DPACKAGE_URL=\"\" -D__LINUX__=1'
DESTDIR='/usr/local'
ECHO_C=''
ECHO_N='-n'
ECHO_T=''
EXEEXT=''
INSTALL_DATA='${INSTALL} -m 644'
INSTALL_PROGRAM='${INSTALL}'
INSTALL_SCRIPT='${INSTALL}'
JIT='0'
LDFLAGS=''
LIBOBJS=''
LIBS=' -lutil'
LTLIBOBJS=''
OBJEXT='o'
OS='LINUX'
PACKAGE_BUGREPORT=''
PACKAGE_NAME=''
PACKAGE_STRING=''
PACKAGE_TARNAME=''
PACKAGE_URL=''
PACKAGE_VERSION=''
PATH_SEPARATOR=':'
SHELL='/bin/bash'
ac_ct_CC='gcc'
bindir='${exec_prefix}/bin'
build_alias=''
datadir='${datarootdir}'
datarootdir='${prefix}/share'
docdir='${datarootdir}/doc/${PACKAGE}'
dvidir='${docdir}'
exec_prefix='${prefix}'
host_alias=''
htmldir='${docdir}'
includedir='${prefix}/include'
infodir='${datarootdir}/info'
libdir='${exec_prefix}/lib'
libexecdir='${exec_prefix}/libexec'
localedir='${datarootdir}/locale'
localstatedir='${prefix}/var'
mandir='${datarootdir}/man'
oldincludedir='/usr/include'
pdfdir='${docdir}'
prefix='/usr/local'
program_transform_name='s,x,x,'
psdir='${docdir}'
runstatedir='${localstatedir}/run'
sbindir='${exec_prefix}/sbin'
sharedstatedir='${prefix}/com'
sysconfdir='${prefix}/etc'
target_alias=''

## ----------- ##
## confdefs.h. ##
## ----------- ##

/* confdefs.h */
#define PACKAGE_NAME ""
#define PACKAGE_TARNAME ""
#define PACKAGE_VERSION ""
#define PACKAGE_STRING ""
#define PACKAGE_BUGREPORT ""
#define PACKAGE_URL ""
#define __LINUX__ 1

configure: exit 0
